mode: atomic
github.com/google/ko/pkg/caps/caps.go:36.36,37.59 1 122
github.com/google/ko/pkg/caps/caps.go:37.59,39.3 1 1
github.com/google/ko/pkg/caps/caps.go:40.2,41.19 2 121
github.com/google/ko/pkg/caps/caps.go:41.19,43.3 1 3
github.com/google/ko/pkg/caps/caps.go:44.2,45.40 2 118
github.com/google/ko/pkg/caps/caps.go:45.40,47.3 1 113
github.com/google/ko/pkg/caps/caps.go:48.2,48.52 1 5
github.com/google/ko/pkg/caps/caps.go:51.26,53.36 2 5
github.com/google/ko/pkg/caps/caps.go:53.36,55.3 1 205
github.com/google/ko/pkg/caps/caps.go:56.2,56.13 1 5
github.com/google/ko/pkg/caps/caps.go:116.75,135.69 9 44
github.com/google/ko/pkg/caps/caps.go:135.69,137.3 1 0
github.com/google/ko/pkg/caps/caps.go:139.2,139.25 1 44
github.com/google/ko/pkg/caps/caps.go:151.54,153.29 2 15
github.com/google/ko/pkg/caps/caps.go:153.29,155.58 2 20
github.com/google/ko/pkg/caps/caps.go:155.58,157.4 1 17
github.com/google/ko/pkg/caps/caps.go:157.9,159.18 2 3
github.com/google/ko/pkg/caps/caps.go:159.18,161.5 1 0
github.com/google/ko/pkg/caps/caps.go:162.4,163.12 2 3
github.com/google/ko/pkg/caps/caps.go:166.3,166.41 1 17
github.com/google/ko/pkg/caps/caps.go:166.41,168.4 1 2
github.com/google/ko/pkg/caps/caps.go:169.3,170.52 2 17
github.com/google/ko/pkg/caps/caps.go:170.52,172.18 2 27
github.com/google/ko/pkg/caps/caps.go:172.18,174.5 1 3
github.com/google/ko/pkg/caps/caps.go:175.4,175.13 1 24
github.com/google/ko/pkg/caps/caps.go:177.3,177.32 1 14
github.com/google/ko/pkg/caps/caps.go:177.32,178.13 1 33
github.com/google/ko/pkg/caps/caps.go:179.13,180.21 1 1
github.com/google/ko/pkg/caps/caps.go:181.13,182.18 1 1
github.com/google/ko/pkg/caps/caps.go:183.13,187.23 4 12
github.com/google/ko/pkg/caps/caps.go:188.13,189.43 1 7
github.com/google/ko/pkg/caps/caps.go:190.13,191.47 1 5
github.com/google/ko/pkg/caps/caps.go:192.13,193.43 1 7
github.com/google/ko/pkg/caps/caps.go:194.12,195.62 1 0
github.com/google/ko/pkg/caps/caps.go:199.2,199.40 1 12
github.com/google/ko/pkg/caps/caps.go:199.40,201.21 2 8
github.com/google/ko/pkg/caps/caps.go:201.21,203.4 1 4
github.com/google/ko/pkg/caps/caps.go:204.3,204.86 1 8
github.com/google/ko/pkg/caps/caps.go:206.2,206.17 1 4
github.com/google/ko/pkg/caps/caps.go:211.52,213.2 1 0
github.com/google/ko/pkg/internal/gittesting/git.go:49.40,57.2 7 1
github.com/google/ko/pkg/internal/gittesting/git.go:60.50,65.2 4 1
github.com/google/ko/pkg/internal/gittesting/git.go:68.47,73.2 4 1
github.com/google/ko/pkg/internal/gittesting/git.go:76.44,81.2 4 1
github.com/google/ko/pkg/internal/gittesting/git.go:84.39,89.2 4 1
github.com/google/ko/pkg/internal/gittesting/git.go:91.58,102.2 4 7
github.com/google/ko/pkg/internal/gittesting/git.go:105.56,110.2 4 1
github.com/google/ko/pkg/internal/gittesting/git.go:112.57,124.16 8 7
github.com/google/ko/pkg/internal/gittesting/git.go:124.16,126.3 1 1
github.com/google/ko/pkg/internal/gittesting/git.go:128.2,128.29 1 6
github.com/google/ko/pkg/publish/kind/write.go:43.35,45.2 1 0
github.com/google/ko/pkg/publish/kind/write.go:48.57,49.45 1 3
github.com/google/ko/pkg/publish/kind/write.go:49.45,54.35 5 3
github.com/google/ko/pkg/publish/kind/write.go:54.35,56.4 1 1
github.com/google/ko/pkg/publish/kind/write.go:57.3,57.13 1 2
github.com/google/ko/pkg/publish/kind/write.go:62.67,63.45 1 3
github.com/google/ko/pkg/publish/kind/write.go:63.45,67.23 3 3
github.com/google/ko/pkg/publish/kind/write.go:67.23,69.4 1 3
github.com/google/ko/pkg/publish/kind/write.go:71.3,75.35 5 3
github.com/google/ko/pkg/publish/kind/write.go:75.35,77.4 1 1
github.com/google/ko/pkg/publish/kind/write.go:79.3,79.36 1 2
github.com/google/ko/pkg/publish/kind/write.go:79.36,81.4 1 0
github.com/google/ko/pkg/publish/kind/write.go:83.3,83.13 1 2
github.com/google/ko/pkg/publish/kind/write.go:88.49,90.16 2 6
github.com/google/ko/pkg/publish/kind/write.go:90.16,92.3 1 2
github.com/google/ko/pkg/publish/kind/write.go:94.2,94.29 1 4
github.com/google/ko/pkg/publish/kind/write.go:94.29,95.30 1 6
github.com/google/ko/pkg/publish/kind/write.go:95.30,97.4 1 2
github.com/google/ko/pkg/publish/kind/write.go:99.2,99.12 1 2
github.com/google/ko/pkg/publish/kind/write.go:104.39,108.23 3 6
github.com/google/ko/pkg/publish/kind/write.go:108.23,110.3 1 6
github.com/google/ko/pkg/publish/kind/write.go:112.2,113.16 2 6
github.com/google/ko/pkg/publish/kind/write.go:113.16,115.3 1 0
github.com/google/ko/pkg/publish/kind/write.go:116.2,116.24 1 6
github.com/google/ko/pkg/publish/kind/write.go:116.24,118.3 1 2
github.com/google/ko/pkg/publish/kind/write.go:120.2,120.22 1 4
github.com/google/ko/pkg/internal/git/clone.go:46.67,56.16 5 0
github.com/google/ko/pkg/internal/git/clone.go:56.16,58.3 1 0
github.com/google/ko/pkg/internal/git/clone.go:60.2,60.12 1 0
github.com/google/ko/pkg/internal/git/errors.go:62.34,64.2 1 1
github.com/google/ko/pkg/internal/git/git.go:54.62,71.16 12 38
github.com/google/ko/pkg/internal/git/git.go:71.16,73.3 1 3
github.com/google/ko/pkg/internal/git/git.go:75.2,75.29 1 35
github.com/google/ko/pkg/internal/git/git.go:79.54,81.16 2 26
github.com/google/ko/pkg/internal/git/git.go:81.16,83.3 1 2
github.com/google/ko/pkg/internal/git/git.go:84.2,84.20 1 26
github.com/google/ko/pkg/internal/git/git.go:88.64,90.51 2 5
github.com/google/ko/pkg/internal/git/git.go:90.51,92.14 2 5
github.com/google/ko/pkg/internal/git/git.go:92.14,93.12 1 1
github.com/google/ko/pkg/internal/git/git.go:95.3,95.29 1 4
github.com/google/ko/pkg/internal/git/git.go:98.2,98.16 1 5
github.com/google/ko/pkg/internal/git/git.go:98.16,100.3 1 1
github.com/google/ko/pkg/internal/git/git.go:101.2,101.20 1 5
github.com/google/ko/pkg/internal/git/info.go:60.46,62.13 2 7
github.com/google/ko/pkg/internal/git/info.go:62.13,64.3 1 1
github.com/google/ko/pkg/internal/git/info.go:66.2,76.3 1 7
github.com/google/ko/pkg/internal/git/info.go:80.61,81.48 1 8
github.com/google/ko/pkg/internal/git/info.go:81.48,83.3 1 1
github.com/google/ko/pkg/internal/git/info.go:85.2,85.23 1 7
github.com/google/ko/pkg/internal/git/info.go:85.23,87.3 1 1
github.com/google/ko/pkg/internal/git/info.go:89.2,90.16 2 6
github.com/google/ko/pkg/internal/git/info.go:90.16,92.3 1 1
github.com/google/ko/pkg/internal/git/info.go:93.2,94.16 2 5
github.com/google/ko/pkg/internal/git/info.go:94.16,96.3 1 0
github.com/google/ko/pkg/internal/git/info.go:97.2,98.16 2 5
github.com/google/ko/pkg/internal/git/info.go:98.16,100.3 1 0
github.com/google/ko/pkg/internal/git/info.go:101.2,102.16 2 5
github.com/google/ko/pkg/internal/git/info.go:102.16,104.3 1 0
github.com/google/ko/pkg/internal/git/info.go:106.2,110.16 3 5
github.com/google/ko/pkg/internal/git/info.go:110.16,119.3 1 1
github.com/google/ko/pkg/internal/git/info.go:121.2,128.10 1 4
github.com/google/ko/pkg/internal/git/info.go:132.51,138.2 2 7
github.com/google/ko/pkg/internal/git/info.go:141.56,146.48 2 5
github.com/google/ko/pkg/internal/git/info.go:146.48,148.3 1 1
github.com/google/ko/pkg/internal/git/info.go:149.2,149.12 1 4
github.com/google/ko/pkg/internal/git/info.go:152.65,157.2 1 6
github.com/google/ko/pkg/internal/git/info.go:159.72,164.16 2 5
github.com/google/ko/pkg/internal/git/info.go:164.16,166.3 1 0
github.com/google/ko/pkg/internal/git/info.go:167.2,167.14 1 5
github.com/google/ko/pkg/internal/git/info.go:167.14,169.3 1 0
github.com/google/ko/pkg/internal/git/info.go:170.2,171.16 2 5
github.com/google/ko/pkg/internal/git/info.go:171.16,173.3 1 0
github.com/google/ko/pkg/internal/git/info.go:174.2,175.15 2 5
github.com/google/ko/pkg/internal/git/info.go:178.70,183.2 1 5
github.com/google/ko/pkg/internal/git/info.go:185.69,190.2 1 5
github.com/google/ko/pkg/internal/git/info.go:192.82,196.16 2 5
github.com/google/ko/pkg/internal/git/info.go:196.16,198.3 1 1
github.com/google/ko/pkg/internal/git/info.go:199.2,200.17 2 4
github.com/google/ko/pkg/internal/git/info.go:203.92,206.36 3 5
github.com/google/ko/pkg/internal/git/info.go:206.36,208.3 1 0
github.com/google/ko/pkg/internal/git/info.go:209.2,212.5 1 5
github.com/google/ko/pkg/internal/git/info.go:215.56,216.40 1 4
github.com/google/ko/pkg/internal/git/info.go:216.40,218.3 1 4
github.com/google/ko/pkg/internal/git/info.go:219.2,219.27 1 0
github.com/google/ko/pkg/internal/git/info.go:219.27,220.31 1 0
github.com/google/ko/pkg/internal/git/info.go:220.31,221.18 1 0
github.com/google/ko/pkg/internal/git/info.go:221.18,223.5 1 0
github.com/google/ko/pkg/internal/git/info.go:226.2,226.11 1 0
github.com/google/ko/pkg/commands/options/build.go:91.60,113.2 11 2
github.com/google/ko/pkg/commands/options/build.go:116.44,118.31 2 11
github.com/google/ko/pkg/commands/options/build.go:118.31,120.3 1 1
github.com/google/ko/pkg/commands/options/build.go:122.2,129.61 6 11
github.com/google/ko/pkg/commands/options/build.go:129.61,132.17 2 4
github.com/google/ko/pkg/commands/options/build.go:132.17,134.4 1 0
github.com/google/ko/pkg/commands/options/build.go:135.3,135.30 1 4
github.com/google/ko/pkg/commands/options/build.go:135.30,137.4 1 1
github.com/google/ko/pkg/commands/options/build.go:137.9,137.26 1 3
github.com/google/ko/pkg/commands/options/build.go:137.26,141.18 3 3
github.com/google/ko/pkg/commands/options/build.go:141.18,143.5 1 1
github.com/google/ko/pkg/commands/options/build.go:144.4,144.31 1 2
github.com/google/ko/pkg/commands/options/build.go:144.31,146.5 1 1
github.com/google/ko/pkg/commands/options/build.go:146.10,148.5 1 1
github.com/google/ko/pkg/commands/options/build.go:149.9,151.4 1 0
github.com/google/ko/pkg/commands/options/build.go:153.2,155.41 2 9
github.com/google/ko/pkg/commands/options/build.go:155.41,156.56 1 0
github.com/google/ko/pkg/commands/options/build.go:156.56,158.4 1 0
github.com/google/ko/pkg/commands/options/build.go:161.2,161.61 1 9
github.com/google/ko/pkg/commands/options/build.go:161.61,163.3 1 7
github.com/google/ko/pkg/commands/options/build.go:165.2,165.57 1 9
github.com/google/ko/pkg/commands/options/build.go:165.57,167.3 1 6
github.com/google/ko/pkg/commands/options/build.go:169.2,169.63 1 9
github.com/google/ko/pkg/commands/options/build.go:169.63,171.3 1 6
github.com/google/ko/pkg/commands/options/build.go:173.2,173.69 1 9
github.com/google/ko/pkg/commands/options/build.go:173.69,175.3 1 6
github.com/google/ko/pkg/commands/options/build.go:177.2,177.24 1 9
github.com/google/ko/pkg/commands/options/build.go:177.24,179.53 2 8
github.com/google/ko/pkg/commands/options/build.go:179.53,181.4 1 0
github.com/google/ko/pkg/commands/options/build.go:182.3,182.21 1 8
github.com/google/ko/pkg/commands/options/build.go:185.2,185.37 1 9
github.com/google/ko/pkg/commands/options/build.go:185.37,188.37 3 9
github.com/google/ko/pkg/commands/options/build.go:188.37,189.56 1 0
github.com/google/ko/pkg/commands/options/build.go:189.56,191.5 1 0
github.com/google/ko/pkg/commands/options/build.go:192.4,192.35 1 0
github.com/google/ko/pkg/commands/options/build.go:194.3,194.45 1 9
github.com/google/ko/pkg/commands/options/build.go:197.2,197.31 1 9
github.com/google/ko/pkg/commands/options/build.go:197.31,199.70 2 9
github.com/google/ko/pkg/commands/options/build.go:199.70,202.4 2 9
github.com/google/ko/pkg/commands/options/build.go:203.3,203.88 1 9
github.com/google/ko/pkg/commands/options/build.go:203.88,205.4 1 0
github.com/google/ko/pkg/commands/options/build.go:206.3,207.17 2 9
github.com/google/ko/pkg/commands/options/build.go:207.17,209.4 1 0
github.com/google/ko/pkg/commands/options/build.go:210.3,210.33 1 9
github.com/google/ko/pkg/commands/options/build.go:213.2,213.12 1 9
github.com/google/ko/pkg/commands/options/build.go:216.87,222.9 4 5
github.com/google/ko/pkg/commands/options/build.go:222.9,224.3 1 5
github.com/google/ko/pkg/commands/options/build.go:225.2,225.62 1 0
github.com/google/ko/pkg/commands/options/build.go:225.62,228.60 3 0
github.com/google/ko/pkg/commands/options/build.go:228.60,231.4 2 0
github.com/google/ko/pkg/commands/options/build.go:232.3,232.64 1 0
github.com/google/ko/pkg/commands/options/build.go:233.17,239.3 1 0
github.com/google/ko/pkg/commands/options/build.go:240.2,240.20 1 0
github.com/google/ko/pkg/commands/options/build.go:243.109,245.33 2 14
github.com/google/ko/pkg/commands/options/build.go:245.33,248.22 1 6
github.com/google/ko/pkg/commands/options/build.go:248.22,250.4 1 0
github.com/google/ko/pkg/commands/options/build.go:255.3,255.23 1 6
github.com/google/ko/pkg/commands/options/build.go:255.23,257.4 1 3
github.com/google/ko/pkg/commands/options/build.go:258.3,258.24 1 6
github.com/google/ko/pkg/commands/options/build.go:258.24,260.4 1 2
github.com/google/ko/pkg/commands/options/build.go:263.3,268.99 3 6
github.com/google/ko/pkg/commands/options/build.go:268.99,270.4 1 2
github.com/google/ko/pkg/commands/options/build.go:273.3,273.66 1 6
github.com/google/ko/pkg/commands/options/build.go:273.66,275.4 1 0
github.com/google/ko/pkg/commands/options/build.go:280.3,282.17 3 6
github.com/google/ko/pkg/commands/options/build.go:282.17,284.4 1 0
github.com/google/ko/pkg/commands/options/build.go:285.3,286.17 2 6
github.com/google/ko/pkg/commands/options/build.go:286.17,288.4 1 0
github.com/google/ko/pkg/commands/options/build.go:290.3,290.21 1 6
github.com/google/ko/pkg/commands/options/build.go:290.21,292.4 1 0
github.com/google/ko/pkg/commands/options/build.go:293.3,294.48 2 6
github.com/google/ko/pkg/commands/options/build.go:297.2,297.38 1 14
github.com/google/ko/pkg/commands/options/filestuff.go:31.58,37.2 2 0
github.com/google/ko/pkg/commands/options/filestuff.go:40.54,42.12 2 0
github.com/google/ko/pkg/commands/options/filestuff.go:42.12,45.38 2 0
github.com/google/ko/pkg/commands/options/filestuff.go:45.38,47.20 1 0
github.com/google/ko/pkg/commands/options/filestuff.go:47.20,49.13 2 0
github.com/google/ko/pkg/commands/options/filestuff.go:53.4,53.83 1 0
github.com/google/ko/pkg/commands/options/filestuff.go:53.83,54.19 1 0
github.com/google/ko/pkg/commands/options/filestuff.go:54.19,56.6 1 0
github.com/google/ko/pkg/commands/options/filestuff.go:62.5,62.19 1 0
github.com/google/ko/pkg/commands/options/filestuff.go:62.19,63.40 1 0
github.com/google/ko/pkg/commands/options/filestuff.go:63.40,65.7 1 0
github.com/google/ko/pkg/commands/options/filestuff.go:67.6,67.16 1 0
github.com/google/ko/pkg/commands/options/filestuff.go:71.5,71.22 1 0
github.com/google/ko/pkg/commands/options/filestuff.go:71.22,72.32 1 0
github.com/google/ko/pkg/commands/options/filestuff.go:73.28,73.28 0 0
github.com/google/ko/pkg/commands/options/filestuff.go:75.14,76.17 1 0
github.com/google/ko/pkg/commands/options/filestuff.go:80.5,81.15 2 0
github.com/google/ko/pkg/commands/options/filestuff.go:83.4,83.18 1 0
github.com/google/ko/pkg/commands/options/filestuff.go:83.18,85.5 1 0
github.com/google/ko/pkg/commands/options/filestuff.go:88.2,88.14 1 0
github.com/google/ko/pkg/commands/options/publish.go:75.60,78.66 1 0
github.com/google/ko/pkg/commands/options/publish.go:78.66,80.3 1 0
github.com/google/ko/pkg/commands/options/publish.go:82.2,106.104 11 0
github.com/google/ko/pkg/commands/options/publish.go:109.53,113.2 3 1
github.com/google/ko/pkg/commands/options/publish.go:115.57,117.2 1 1
github.com/google/ko/pkg/commands/options/publish.go:119.54,121.2 1 1
github.com/google/ko/pkg/commands/options/publish.go:123.44,125.2 1 1
github.com/google/ko/pkg/commands/options/publish.go:127.50,128.26 1 5
github.com/google/ko/pkg/commands/options/publish.go:128.26,130.3 1 1
github.com/google/ko/pkg/commands/options/publish.go:130.8,130.35 1 4
github.com/google/ko/pkg/commands/options/publish.go:130.35,132.3 1 1
github.com/google/ko/pkg/commands/options/publish.go:132.8,132.31 1 3
github.com/google/ko/pkg/commands/options/publish.go:132.31,134.3 1 1
github.com/google/ko/pkg/commands/options/publish.go:134.8,134.20 1 2
github.com/google/ko/pkg/commands/options/publish.go:134.20,136.3 1 1
github.com/google/ko/pkg/commands/options/publish.go:137.2,137.23 1 1
github.com/google/ko/pkg/commands/options/selector.go:26.62,29.2 1 0
github.com/google/ko/pkg/commands/options/validate.go:44.59,46.35 2 0
github.com/google/ko/pkg/commands/options/validate.go:46.35,49.3 1 0
github.com/google/ko/pkg/commands/options/validate.go:51.2,51.61 1 0
github.com/google/ko/pkg/commands/options/validate.go:51.61,53.3 1 0
github.com/google/ko/pkg/commands/options/validate.go:55.2,55.27 1 0
github.com/google/ko/pkg/commands/options/validate.go:55.27,56.43 1 0
github.com/google/ko/pkg/commands/options/validate.go:56.43,58.4 1 0
github.com/google/ko/pkg/commands/options/validate.go:61.2,61.12 1 0
github.com/google/ko/pkg/internal/testing/daemon.go:34.91,36.2 1 0
github.com/google/ko/pkg/internal/testing/daemon.go:37.119,39.2 1 0
github.com/google/ko/pkg/internal/testing/daemon.go:41.109,42.19 1 0
github.com/google/ko/pkg/internal/testing/daemon.go:42.19,44.3 1 0
github.com/google/ko/pkg/internal/testing/daemon.go:45.2,46.37 2 0
github.com/google/ko/pkg/internal/testing/daemon.go:49.125,51.2 1 0
github.com/google/ko/pkg/internal/testing/fixed.go:35.69,37.2 1 1
github.com/google/ko/pkg/internal/testing/fixed.go:40.63,42.2 1 0
github.com/google/ko/pkg/internal/testing/fixed.go:45.59,47.32 2 2
github.com/google/ko/pkg/internal/testing/fixed.go:47.32,49.3 1 1
github.com/google/ko/pkg/internal/testing/fixed.go:50.2,50.12 1 1
github.com/google/ko/pkg/internal/testing/fixed.go:54.79,56.33 2 2
github.com/google/ko/pkg/internal/testing/fixed.go:56.33,58.3 1 1
github.com/google/ko/pkg/internal/testing/fixed.go:59.2,59.56 1 1
github.com/google/ko/pkg/internal/testing/fixed.go:69.90,71.2 1 1
github.com/google/ko/pkg/internal/testing/fixed.go:74.101,77.9 3 3
github.com/google/ko/pkg/internal/testing/fixed.go:77.9,79.3 1 1
github.com/google/ko/pkg/internal/testing/fixed.go:80.2,81.16 2 2
github.com/google/ko/pkg/internal/testing/fixed.go:81.16,83.3 1 0
github.com/google/ko/pkg/internal/testing/fixed.go:84.2,84.16 1 2
github.com/google/ko/pkg/internal/testing/fixed.go:87.38,89.2 1 0
github.com/google/ko/pkg/internal/testing/fixed.go:91.72,93.16 2 0
github.com/google/ko/pkg/internal/testing/fixed.go:93.16,94.13 1 0
github.com/google/ko/pkg/internal/testing/fixed.go:96.2,96.19 1 0
github.com/google/ko/pkg/publish/daemon.go:48.50,49.30 1 1
github.com/google/ko/pkg/publish/daemon.go:49.30,50.19 1 1
github.com/google/ko/pkg/publish/daemon.go:50.19,52.4 1 1
github.com/google/ko/pkg/publish/daemon.go:53.3,53.13 1 1
github.com/google/ko/pkg/publish/daemon.go:58.58,59.30 1 3
github.com/google/ko/pkg/publish/daemon.go:59.30,60.20 1 3
github.com/google/ko/pkg/publish/daemon.go:60.20,62.4 1 3
github.com/google/ko/pkg/publish/daemon.go:63.3,63.13 1 3
github.com/google/ko/pkg/publish/daemon.go:68.85,74.30 2 3
github.com/google/ko/pkg/publish/daemon.go:74.30,75.35 1 4
github.com/google/ko/pkg/publish/daemon.go:75.35,77.4 1 0
github.com/google/ko/pkg/publish/daemon.go:79.2,79.15 1 3
github.com/google/ko/pkg/publish/daemon.go:82.62,87.2 1 6
github.com/google/ko/pkg/publish/daemon.go:90.97,97.24 4 3
github.com/google/ko/pkg/publish/daemon.go:98.16,99.10 1 3
github.com/google/ko/pkg/publish/daemon.go:100.21,102.17 2 0
github.com/google/ko/pkg/publish/daemon.go:102.17,104.4 1 0
github.com/google/ko/pkg/publish/daemon.go:105.3,106.17 2 0
github.com/google/ko/pkg/publish/daemon.go:106.17,108.4 1 0
github.com/google/ko/pkg/publish/daemon.go:109.3,109.19 1 0
github.com/google/ko/pkg/publish/daemon.go:109.19,111.4 1 0
github.com/google/ko/pkg/publish/daemon.go:112.3,112.41 1 0
github.com/google/ko/pkg/publish/daemon.go:112.41,113.32 1 0
github.com/google/ko/pkg/publish/daemon.go:113.32,114.13 1 0
github.com/google/ko/pkg/publish/daemon.go:116.4,116.36 1 0
github.com/google/ko/pkg/publish/daemon.go:116.36,117.13 1 0
github.com/google/ko/pkg/publish/daemon.go:119.4,119.48 1 0
github.com/google/ko/pkg/publish/daemon.go:119.48,120.13 1 0
github.com/google/ko/pkg/publish/daemon.go:122.4,123.18 2 0
github.com/google/ko/pkg/publish/daemon.go:123.18,125.5 1 0
github.com/google/ko/pkg/publish/daemon.go:126.4,126.9 1 0
github.com/google/ko/pkg/publish/daemon.go:128.3,128.17 1 0
github.com/google/ko/pkg/publish/daemon.go:128.17,130.4 1 0
github.com/google/ko/pkg/publish/daemon.go:131.10,132.78 1 0
github.com/google/ko/pkg/publish/daemon.go:135.2,136.16 2 3
github.com/google/ko/pkg/publish/daemon.go:136.16,138.3 1 0
github.com/google/ko/pkg/publish/daemon.go:140.2,141.16 2 3
github.com/google/ko/pkg/publish/daemon.go:141.16,143.3 1 0
github.com/google/ko/pkg/publish/daemon.go:145.2,146.78 2 3
github.com/google/ko/pkg/publish/daemon.go:146.78,149.3 2 0
github.com/google/ko/pkg/publish/daemon.go:150.2,152.33 2 3
github.com/google/ko/pkg/publish/daemon.go:152.33,155.17 3 3
github.com/google/ko/pkg/publish/daemon.go:155.17,157.4 1 0
github.com/google/ko/pkg/publish/daemon.go:159.3,159.71 1 3
github.com/google/ko/pkg/publish/daemon.go:159.71,161.4 1 0
github.com/google/ko/pkg/publish/daemon.go:162.3,162.38 1 3
github.com/google/ko/pkg/publish/daemon.go:165.2,165.24 1 3
github.com/google/ko/pkg/publish/daemon.go:168.31,170.2 1 0
github.com/google/ko/pkg/publish/default.go:78.39,78.69 1 19
github.com/google/ko/pkg/publish/default.go:84.52,85.16 1 10
github.com/google/ko/pkg/publish/default.go:85.16,86.24 1 1
github.com/google/ko/pkg/publish/default.go:86.24,88.4 1 0
github.com/google/ko/pkg/publish/default.go:89.3,89.30 1 1
github.com/google/ko/pkg/publish/default.go:89.30,91.4 1 0
github.com/google/ko/pkg/publish/default.go:94.2,95.16 2 10
github.com/google/ko/pkg/publish/default.go:95.16,97.3 1 0
github.com/google/ko/pkg/publish/default.go:99.2,103.16 3 10
github.com/google/ko/pkg/publish/default.go:103.16,105.3 1 0
github.com/google/ko/pkg/publish/default.go:106.2,106.47 1 10
github.com/google/ko/pkg/publish/default.go:106.47,108.3 1 0
github.com/google/ko/pkg/publish/default.go:110.2,119.8 1 10
github.com/google/ko/pkg/publish/default.go:124.68,134.33 2 10
github.com/google/ko/pkg/publish/default.go:134.33,135.36 1 7
github.com/google/ko/pkg/publish/default.go:135.36,137.4 1 0
github.com/google/ko/pkg/publish/default.go:140.2,141.18 2 10
github.com/google/ko/pkg/publish/default.go:141.18,144.3 2 10
github.com/google/ko/pkg/publish/default.go:146.2,146.18 1 10
github.com/google/ko/pkg/publish/default.go:149.87,151.16 2 10
github.com/google/ko/pkg/publish/default.go:151.16,153.3 1 0
github.com/google/ko/pkg/publish/default.go:155.2,158.20 3 10
github.com/google/ko/pkg/publish/default.go:158.20,160.3 1 10
github.com/google/ko/pkg/publish/default.go:163.2,163.75 1 10
github.com/google/ko/pkg/publish/default.go:163.75,165.17 2 5
github.com/google/ko/pkg/publish/default.go:165.17,167.4 1 0
github.com/google/ko/pkg/publish/default.go:170.3,172.17 3 5
github.com/google/ko/pkg/publish/default.go:172.17,174.4 1 0
github.com/google/ko/pkg/publish/default.go:175.3,176.17 2 5
github.com/google/ko/pkg/publish/default.go:176.17,180.4 1 3
github.com/google/ko/pkg/publish/default.go:182.3,182.21 1 2
github.com/google/ko/pkg/publish/default.go:182.21,183.53 1 2
github.com/google/ko/pkg/publish/default.go:183.53,185.5 1 0
github.com/google/ko/pkg/publish/default.go:187.4,188.14 2 2
github.com/google/ko/pkg/publish/default.go:202.3,202.13 1 2
github.com/google/ko/pkg/publish/default.go:205.2,205.12 1 10
github.com/google/ko/pkg/publish/default.go:206.53,207.47 1 4
github.com/google/ko/pkg/publish/default.go:207.47,208.72 1 1
github.com/google/ko/pkg/publish/default.go:208.72,210.5 1 0
github.com/google/ko/pkg/publish/default.go:212.61,213.41 1 6
github.com/google/ko/pkg/publish/default.go:213.41,214.52 1 1
github.com/google/ko/pkg/publish/default.go:214.52,216.5 1 0
github.com/google/ko/pkg/publish/default.go:218.10,219.55 1 0
github.com/google/ko/pkg/publish/default.go:222.2,222.17 1 10
github.com/google/ko/pkg/publish/default.go:226.98,232.16 4 10
github.com/google/ko/pkg/publish/default.go:232.16,234.3 1 0
github.com/google/ko/pkg/publish/default.go:236.2,238.33 3 10
github.com/google/ko/pkg/publish/default.go:238.33,240.17 2 12
github.com/google/ko/pkg/publish/default.go:240.17,242.4 1 0
github.com/google/ko/pkg/publish/default.go:244.3,244.13 1 12
github.com/google/ko/pkg/publish/default.go:244.13,246.22 2 10
github.com/google/ko/pkg/publish/default.go:246.22,248.5 1 10
github.com/google/ko/pkg/publish/default.go:249.9,250.22 1 2
github.com/google/ko/pkg/publish/default.go:250.22,253.5 2 2
github.com/google/ko/pkg/publish/default.go:256.2,256.33 1 10
github.com/google/ko/pkg/publish/default.go:256.33,258.3 1 0
github.com/google/ko/pkg/publish/default.go:260.2,260.15 1 10
github.com/google/ko/pkg/publish/default.go:260.15,263.3 1 1
github.com/google/ko/pkg/publish/default.go:265.2,266.16 2 9
github.com/google/ko/pkg/publish/default.go:266.16,268.3 1 0
github.com/google/ko/pkg/publish/default.go:269.2,270.48 2 9
github.com/google/ko/pkg/publish/default.go:270.48,274.3 1 1
github.com/google/ko/pkg/publish/default.go:275.2,276.16 2 9
github.com/google/ko/pkg/publish/default.go:276.16,278.3 1 0
github.com/google/ko/pkg/publish/default.go:279.2,280.18 2 9
github.com/google/ko/pkg/publish/default.go:283.32,285.2 1 0
github.com/google/ko/pkg/publish/future.go:23.61,28.12 2 6
github.com/google/ko/pkg/publish/future.go:28.12,31.3 2 6
github.com/google/ko/pkg/publish/future.go:37.2,39.3 1 6
github.com/google/ko/pkg/publish/future.go:55.48,58.8 2 10
github.com/google/ko/pkg/publish/future.go:58.8,59.10 1 6
github.com/google/ko/pkg/publish/future.go:59.10,68.4 4 6
github.com/google/ko/pkg/publish/future.go:71.2,74.35 3 10
github.com/google/ko/pkg/publish/kind.go:42.74,48.2 1 0
github.com/google/ko/pkg/publish/kind.go:51.105,58.24 4 0
github.com/google/ko/pkg/publish/kind.go:59.16,60.10 1 0
github.com/google/ko/pkg/publish/kind.go:61.21,63.17 2 0
github.com/google/ko/pkg/publish/kind.go:63.17,65.4 1 0
github.com/google/ko/pkg/publish/kind.go:66.3,67.17 2 0
github.com/google/ko/pkg/publish/kind.go:67.17,69.4 1 0
github.com/google/ko/pkg/publish/kind.go:70.3,70.19 1 0
github.com/google/ko/pkg/publish/kind.go:70.19,72.4 1 0
github.com/google/ko/pkg/publish/kind.go:73.3,73.41 1 0
github.com/google/ko/pkg/publish/kind.go:73.41,74.32 1 0
github.com/google/ko/pkg/publish/kind.go:74.32,75.13 1 0
github.com/google/ko/pkg/publish/kind.go:77.4,77.36 1 0
github.com/google/ko/pkg/publish/kind.go:77.36,78.13 1 0
github.com/google/ko/pkg/publish/kind.go:80.4,80.48 1 0
github.com/google/ko/pkg/publish/kind.go:80.48,81.13 1 0
github.com/google/ko/pkg/publish/kind.go:83.4,84.18 2 0
github.com/google/ko/pkg/publish/kind.go:84.18,86.5 1 0
github.com/google/ko/pkg/publish/kind.go:87.4,87.9 1 0
github.com/google/ko/pkg/publish/kind.go:89.3,89.17 1 0
github.com/google/ko/pkg/publish/kind.go:89.17,91.4 1 0
github.com/google/ko/pkg/publish/kind.go:92.10,93.78 1 0
github.com/google/ko/pkg/publish/kind.go:96.2,97.16 2 0
github.com/google/ko/pkg/publish/kind.go:97.16,99.3 1 0
github.com/google/ko/pkg/publish/kind.go:101.2,102.16 2 0
github.com/google/ko/pkg/publish/kind.go:102.16,104.3 1 0
github.com/google/ko/pkg/publish/kind.go:106.2,107.56 2 0
github.com/google/ko/pkg/publish/kind.go:107.56,109.3 1 0
github.com/google/ko/pkg/publish/kind.go:110.2,112.33 2 0
github.com/google/ko/pkg/publish/kind.go:112.33,115.17 3 0
github.com/google/ko/pkg/publish/kind.go:115.17,117.4 1 0
github.com/google/ko/pkg/publish/kind.go:119.3,119.55 1 0
github.com/google/ko/pkg/publish/kind.go:119.55,121.4 1 0
github.com/google/ko/pkg/publish/kind.go:122.3,122.38 1 0
github.com/google/ko/pkg/publish/kind.go:125.2,125.24 1 0
github.com/google/ko/pkg/publish/kind.go:128.39,130.2 1 0
github.com/google/ko/pkg/publish/layout.go:35.36,37.2 1 2
github.com/google/ko/pkg/publish/layout.go:39.77,41.16 2 2
github.com/google/ko/pkg/publish/layout.go:41.16,43.17 2 2
github.com/google/ko/pkg/publish/layout.go:43.17,45.4 1 0
github.com/google/ko/pkg/publish/layout.go:48.2,49.16 2 2
github.com/google/ko/pkg/publish/layout.go:49.16,51.3 1 0
github.com/google/ko/pkg/publish/layout.go:53.2,53.12 1 2
github.com/google/ko/pkg/publish/layout.go:54.53,56.10 2 0
github.com/google/ko/pkg/publish/layout.go:56.10,58.4 1 0
github.com/google/ko/pkg/publish/layout.go:59.3,59.44 1 0
github.com/google/ko/pkg/publish/layout.go:59.44,61.4 1 0
github.com/google/ko/pkg/publish/layout.go:62.3,62.16 1 0
github.com/google/ko/pkg/publish/layout.go:63.61,65.10 2 2
github.com/google/ko/pkg/publish/layout.go:65.10,67.4 1 0
github.com/google/ko/pkg/publish/layout.go:68.3,68.44 1 2
github.com/google/ko/pkg/publish/layout.go:68.44,70.4 1 0
github.com/google/ko/pkg/publish/layout.go:71.3,71.16 1 2
github.com/google/ko/pkg/publish/layout.go:72.10,73.59 1 0
github.com/google/ko/pkg/publish/layout.go:78.105,81.16 3 2
github.com/google/ko/pkg/publish/layout.go:81.16,83.3 1 0
github.com/google/ko/pkg/publish/layout.go:84.2,87.16 3 2
github.com/google/ko/pkg/publish/layout.go:87.16,89.3 1 0
github.com/google/ko/pkg/publish/layout.go:91.2,92.16 2 2
github.com/google/ko/pkg/publish/layout.go:92.16,94.3 1 0
github.com/google/ko/pkg/publish/layout.go:96.2,96.17 1 2
github.com/google/ko/pkg/publish/layout.go:99.41,101.2 1 1
github.com/google/ko/pkg/publish/multi.go:30.56,32.2 1 2
github.com/google/ko/pkg/publish/multi.go:39.114,40.28 1 2
github.com/google/ko/pkg/publish/multi.go:40.28,42.3 1 1
github.com/google/ko/pkg/publish/multi.go:44.2,44.35 1 1
github.com/google/ko/pkg/publish/multi.go:44.35,46.17 2 2
github.com/google/ko/pkg/publish/multi.go:46.17,48.4 1 0
github.com/google/ko/pkg/publish/multi.go:50.2,50.8 1 1
github.com/google/ko/pkg/publish/multi.go:53.46,54.35 1 1
github.com/google/ko/pkg/publish/multi.go:54.35,55.39 1 2
github.com/google/ko/pkg/publish/multi.go:55.39,57.4 1 0
github.com/google/ko/pkg/publish/multi.go:59.2,59.8 1 1
github.com/google/ko/pkg/publish/options.go:28.78,30.2 1 0
github.com/google/ko/pkg/publish/options.go:34.48,35.38 1 0
github.com/google/ko/pkg/publish/options.go:35.38,38.3 2 0
github.com/google/ko/pkg/publish/options.go:43.38,44.38 1 0
github.com/google/ko/pkg/publish/options.go:44.38,47.3 2 0
github.com/google/ko/pkg/publish/options.go:52.45,53.38 1 0
github.com/google/ko/pkg/publish/options.go:53.38,56.3 2 0
github.com/google/ko/pkg/publish/options.go:61.55,62.38 1 0
github.com/google/ko/pkg/publish/options.go:62.38,65.3 2 0
github.com/google/ko/pkg/publish/options.go:70.32,71.38 1 2
github.com/google/ko/pkg/publish/options.go:71.38,74.3 2 2
github.com/google/ko/pkg/publish/options.go:78.37,79.38 1 4
github.com/google/ko/pkg/publish/options.go:79.38,82.3 2 4
github.com/google/ko/pkg/publish/options.go:86.39,87.38 1 1
github.com/google/ko/pkg/publish/options.go:87.38,90.3 2 1
github.com/google/ko/pkg/publish/options.go:93.30,94.38 1 0
github.com/google/ko/pkg/publish/options.go:94.38,97.10 3 0
github.com/google/ko/pkg/publish/options.go:97.10,99.4 1 0
github.com/google/ko/pkg/publish/options.go:100.3,101.31 2 0
github.com/google/ko/pkg/publish/options.go:101.31,103.4 1 0
github.com/google/ko/pkg/publish/options.go:104.3,107.13 3 0
github.com/google/ko/pkg/publish/options.go:112.32,113.38 1 0
github.com/google/ko/pkg/publish/options.go:113.38,116.3 2 0
github.com/google/ko/pkg/publish/recorder.go:43.67,48.2 1 1
github.com/google/ko/pkg/publish/recorder.go:51.102,53.16 2 3
github.com/google/ko/pkg/publish/recorder.go:53.16,55.3 1 0
github.com/google/ko/pkg/publish/recorder.go:57.2,58.24 2 3
github.com/google/ko/pkg/publish/recorder.go:59.28,60.90 1 1
github.com/google/ko/pkg/publish/recorder.go:60.90,63.18 2 3
github.com/google/ko/pkg/publish/recorder.go:63.18,65.5 1 0
github.com/google/ko/pkg/publish/recorder.go:66.4,67.14 2 3
github.com/google/ko/pkg/publish/recorder.go:68.18,70.4 1 0
github.com/google/ko/pkg/publish/recorder.go:71.10,72.51 1 2
github.com/google/ko/pkg/publish/recorder.go:75.2,75.17 1 3
github.com/google/ko/pkg/publish/recorder.go:75.17,77.17 2 1
github.com/google/ko/pkg/publish/recorder.go:77.17,79.4 1 0
github.com/google/ko/pkg/publish/recorder.go:80.3,80.11 1 1
github.com/google/ko/pkg/publish/recorder.go:83.2,83.85 1 3
github.com/google/ko/pkg/publish/recorder.go:83.85,85.3 1 0
github.com/google/ko/pkg/publish/recorder.go:86.2,86.20 1 3
github.com/google/ko/pkg/publish/recorder.go:90.34,91.40 1 1
github.com/google/ko/pkg/publish/recorder.go:91.40,93.3 1 0
github.com/google/ko/pkg/publish/recorder.go:94.2,94.35 1 1
github.com/google/ko/pkg/publish/recorder.go:94.35,96.3 1 1
github.com/google/ko/pkg/publish/recorder.go:97.2,97.12 1 0
github.com/google/ko/pkg/publish/shared.go:46.53,51.2 1 1
github.com/google/ko/pkg/publish/shared.go:54.101,55.22 1 6
github.com/google/ko/pkg/publish/shared.go:55.22,62.9 4 6
github.com/google/ko/pkg/publish/shared.go:62.9,64.20 1 5
github.com/google/ko/pkg/publish/shared.go:64.20,66.5 1 3
github.com/google/ko/pkg/publish/shared.go:69.3,69.49 1 3
github.com/google/ko/pkg/publish/shared.go:69.49,71.4 1 3
github.com/google/ko/pkg/publish/shared.go:72.3,73.11 2 3
github.com/google/ko/pkg/publish/shared.go:76.2,76.16 1 6
github.com/google/ko/pkg/publish/shared.go:79.33,81.2 1 0
github.com/google/ko/pkg/publish/tarball.go:38.74,46.2 1 4
github.com/google/ko/pkg/publish/tarball.go:49.93,56.9 4 4
github.com/google/ko/pkg/publish/tarball.go:56.9,58.3 1 0
github.com/google/ko/pkg/publish/tarball.go:60.2,60.33 1 4
github.com/google/ko/pkg/publish/tarball.go:60.33,62.17 2 3
github.com/google/ko/pkg/publish/tarball.go:62.17,64.4 1 0
github.com/google/ko/pkg/publish/tarball.go:65.3,65.20 1 3
github.com/google/ko/pkg/publish/tarball.go:68.2,69.16 2 4
github.com/google/ko/pkg/publish/tarball.go:69.16,71.3 1 0
github.com/google/ko/pkg/publish/tarball.go:73.2,73.22 1 4
github.com/google/ko/pkg/publish/tarball.go:73.22,75.17 2 2
github.com/google/ko/pkg/publish/tarball.go:75.17,77.4 1 0
github.com/google/ko/pkg/publish/tarball.go:78.3,78.20 1 2
github.com/google/ko/pkg/publish/tarball.go:81.2,82.48 2 4
github.com/google/ko/pkg/publish/tarball.go:82.48,86.3 1 1
github.com/google/ko/pkg/publish/tarball.go:87.2,88.16 2 4
github.com/google/ko/pkg/publish/tarball.go:88.16,90.3 1 0
github.com/google/ko/pkg/publish/tarball.go:92.2,92.18 1 4
github.com/google/ko/pkg/publish/tarball.go:95.29,97.68 2 1
github.com/google/ko/pkg/publish/tarball.go:97.68,101.3 2 0
github.com/google/ko/pkg/publish/tarball.go:102.2,103.12 2 1
github.com/google/ko/pkg/resolve/resolve.go:34.122,38.27 2 17
github.com/google/ko/pkg/resolve/resolve.go:38.27,41.45 2 17
github.com/google/ko/pkg/resolve/resolve.go:41.45,44.60 2 17
github.com/google/ko/pkg/resolve/resolve.go:44.60,46.5 1 1
github.com/google/ko/pkg/resolve/resolve.go:48.4,48.39 1 16
github.com/google/ko/pkg/resolve/resolve.go:53.2,55.24 3 16
github.com/google/ko/pkg/resolve/resolve.go:55.24,56.24 1 16
github.com/google/ko/pkg/resolve/resolve.go:56.24,58.18 2 16
github.com/google/ko/pkg/resolve/resolve.go:58.18,60.5 1 0
github.com/google/ko/pkg/resolve/resolve.go:61.4,62.18 2 16
github.com/google/ko/pkg/resolve/resolve.go:62.18,64.5 1 0
github.com/google/ko/pkg/resolve/resolve.go:65.4,66.14 2 16
github.com/google/ko/pkg/resolve/resolve.go:69.2,69.36 1 16
github.com/google/ko/pkg/resolve/resolve.go:69.36,71.3 1 0
github.com/google/ko/pkg/resolve/resolve.go:74.2,74.31 1 16
github.com/google/ko/pkg/resolve/resolve.go:74.31,77.10 2 16
github.com/google/ko/pkg/resolve/resolve.go:77.10,79.4 1 0
github.com/google/ko/pkg/resolve/resolve.go:81.3,81.30 1 16
github.com/google/ko/pkg/resolve/resolve.go:81.30,83.4 1 16
github.com/google/ko/pkg/resolve/resolve.go:86.2,86.12 1 16
github.com/google/ko/pkg/resolve/resolve.go:89.47,95.2 2 17
github.com/google/ko/pkg/resolve/selector.go:31.78,33.59 1 16
github.com/google/ko/pkg/resolve/selector.go:33.59,35.3 1 16
github.com/google/ko/pkg/resolve/selector.go:37.2,38.16 2 16
github.com/google/ko/pkg/resolve/selector.go:38.16,40.3 1 1
github.com/google/ko/pkg/resolve/selector.go:41.2,41.16 1 15
github.com/google/ko/pkg/resolve/selector.go:41.16,43.3 1 0
github.com/google/ko/pkg/resolve/selector.go:45.2,45.20 1 15
github.com/google/ko/pkg/resolve/selector.go:45.20,47.3 1 8
github.com/google/ko/pkg/resolve/selector.go:49.2,49.47 1 7
github.com/google/ko/pkg/resolve/selector.go:52.46,54.25 1 29
github.com/google/ko/pkg/resolve/selector.go:54.25,56.3 1 0
github.com/google/ko/pkg/resolve/selector.go:58.2,75.9 3 29
github.com/google/ko/pkg/resolve/selector.go:75.9,77.3 1 2
github.com/google/ko/pkg/resolve/selector.go:79.2,79.24 1 27
github.com/google/ko/pkg/resolve/selector.go:82.72,103.9 3 19
github.com/google/ko/pkg/resolve/selector.go:103.9,105.3 1 6
github.com/google/ko/pkg/resolve/selector.go:107.2,107.43 1 19
github.com/google/ko/pkg/resolve/selector.go:110.82,121.9 3 8
github.com/google/ko/pkg/resolve/selector.go:121.9,123.3 1 1
github.com/google/ko/pkg/resolve/selector.go:125.2,126.39 2 7
github.com/google/ko/pkg/resolve/selector.go:126.39,127.45 1 13
github.com/google/ko/pkg/resolve/selector.go:127.45,129.4 1 1
github.com/google/ko/pkg/resolve/selector.go:131.3,131.44 1 12
github.com/google/ko/pkg/resolve/selector.go:131.44,133.4 1 6
github.com/google/ko/pkg/resolve/selector.go:136.2,137.31 2 6
github.com/google/ko/pkg/resolve/selector.go:151.54,152.41 1 7
github.com/google/ko/pkg/resolve/selector.go:152.41,153.34 1 8
github.com/google/ko/pkg/resolve/selector.go:153.34,155.4 1 5
github.com/google/ko/pkg/resolve/selector.go:157.2,157.8 1 2
github.com/google/ko/pkg/resolve/selector.go:160.44,161.41 1 15
github.com/google/ko/pkg/resolve/selector.go:161.41,162.34 1 10
github.com/google/ko/pkg/resolve/selector.go:162.34,164.4 1 7
github.com/google/ko/pkg/resolve/selector.go:166.2,166.14 1 8
github.com/google/ko/pkg/resolve/selector.go:169.70,170.41 1 14
github.com/google/ko/pkg/resolve/selector.go:170.41,171.34 1 15
github.com/google/ko/pkg/resolve/selector.go:171.34,173.4 1 11
github.com/google/ko/pkg/resolve/selector.go:175.2,175.18 1 3
github.com/google/ko/pkg/commands/apply.go:29.40,65.55 5 1
github.com/google/ko/pkg/commands/apply.go:65.55,66.51 1 0
github.com/google/ko/pkg/commands/apply.go:66.51,68.5 1 0
github.com/google/ko/pkg/commands/apply.go:70.4,70.29 1 0
github.com/google/ko/pkg/commands/apply.go:70.29,72.5 1 0
github.com/google/ko/pkg/commands/apply.go:73.4,77.18 4 0
github.com/google/ko/pkg/commands/apply.go:77.18,79.5 1 0
github.com/google/ko/pkg/commands/apply.go:80.4,81.18 2 0
github.com/google/ko/pkg/commands/apply.go:81.18,83.5 1 0
github.com/google/ko/pkg/commands/apply.go:84.4,99.18 7 0
github.com/google/ko/pkg/commands/apply.go:99.18,101.5 1 0
github.com/google/ko/pkg/commands/apply.go:104.4,105.22 2 0
github.com/google/ko/pkg/commands/apply.go:105.22,113.20 1 0
github.com/google/ko/pkg/commands/apply.go:113.20,115.6 1 0
github.com/google/ko/pkg/commands/apply.go:117.5,117.72 1 0
github.com/google/ko/pkg/commands/apply.go:120.4,120.22 1 0
github.com/google/ko/pkg/commands/apply.go:120.22,122.44 1 0
github.com/google/ko/pkg/commands/apply.go:122.44,124.6 1 0
github.com/google/ko/pkg/commands/apply.go:125.5,125.15 1 0
github.com/google/ko/pkg/commands/apply.go:128.4,128.19 1 0
github.com/google/ko/pkg/commands/apply.go:131.2,136.28 5 1
github.com/google/ko/pkg/commands/build.go:25.40,58.55 3 1
github.com/google/ko/pkg/commands/build.go:58.55,59.51 1 0
github.com/google/ko/pkg/commands/build.go:59.51,61.5 1 0
github.com/google/ko/pkg/commands/build.go:63.4,63.22 1 0
github.com/google/ko/pkg/commands/build.go:63.22,66.5 1 0
github.com/google/ko/pkg/commands/build.go:68.4,72.18 4 0
github.com/google/ko/pkg/commands/build.go:72.18,74.5 1 0
github.com/google/ko/pkg/commands/build.go:75.4,76.18 2 0
github.com/google/ko/pkg/commands/build.go:76.18,78.5 1 0
github.com/google/ko/pkg/commands/build.go:79.4,81.18 3 0
github.com/google/ko/pkg/commands/build.go:81.18,83.5 1 0
github.com/google/ko/pkg/commands/build.go:84.4,84.31 1 0
github.com/google/ko/pkg/commands/build.go:84.31,86.5 1 0
github.com/google/ko/pkg/commands/build.go:87.4,87.14 1 0
github.com/google/ko/pkg/commands/build.go:90.2,92.28 3 1
github.com/google/ko/pkg/commands/cache.go:50.59,54.42 2 6
github.com/google/ko/pkg/commands/cache.go:54.42,57.17 3 0
github.com/google/ko/pkg/commands/cache.go:57.17,59.18 2 0
github.com/google/ko/pkg/commands/cache.go:59.18,61.5 1 0
github.com/google/ko/pkg/commands/cache.go:63.3,63.15 1 0
github.com/google/ko/pkg/commands/cache.go:66.2,66.19 1 6
github.com/google/ko/pkg/commands/cache.go:69.111,70.45 1 6
github.com/google/ko/pkg/commands/cache.go:70.45,74.3 2 0
github.com/google/ko/pkg/commands/cache.go:76.2,81.78 2 6
github.com/google/ko/pkg/commands/cache.go:81.78,82.18 1 6
github.com/google/ko/pkg/commands/cache.go:82.18,84.4 1 6
github.com/google/ko/pkg/commands/cache.go:86.3,86.29 1 6
github.com/google/ko/pkg/commands/cache.go:89.2,89.16 1 6
github.com/google/ko/pkg/commands/cache.go:89.16,91.37 2 0
github.com/google/ko/pkg/commands/cache.go:91.37,93.4 1 0
github.com/google/ko/pkg/commands/cache.go:93.9,96.18 3 0
github.com/google/ko/pkg/commands/cache.go:96.18,98.5 1 0
github.com/google/ko/pkg/commands/cache.go:100.4,101.18 2 0
github.com/google/ko/pkg/commands/cache.go:101.18,103.5 1 0
github.com/google/ko/pkg/commands/cache.go:105.4,105.22 1 0
github.com/google/ko/pkg/commands/cache.go:109.3,113.17 4 0
github.com/google/ko/pkg/commands/cache.go:113.17,115.4 1 0
github.com/google/ko/pkg/commands/cache.go:117.3,118.17 2 0
github.com/google/ko/pkg/commands/cache.go:118.17,120.4 1 0
github.com/google/ko/pkg/commands/cache.go:121.3,122.17 2 0
github.com/google/ko/pkg/commands/cache.go:122.17,124.4 1 0
github.com/google/ko/pkg/commands/cache.go:125.3,125.22 1 0
github.com/google/ko/pkg/commands/cache.go:125.22,130.32 4 0
github.com/google/ko/pkg/commands/cache.go:130.32,132.19 2 0
github.com/google/ko/pkg/commands/cache.go:132.19,134.6 1 0
github.com/google/ko/pkg/commands/cache.go:135.5,136.19 2 0
github.com/google/ko/pkg/commands/cache.go:136.19,138.6 1 0
github.com/google/ko/pkg/commands/cache.go:139.10,141.19 2 0
github.com/google/ko/pkg/commands/cache.go:141.19,143.6 1 0
github.com/google/ko/pkg/commands/cache.go:144.5,145.19 2 0
github.com/google/ko/pkg/commands/cache.go:145.19,147.6 1 0
github.com/google/ko/pkg/commands/cache.go:149.4,150.18 2 0
github.com/google/ko/pkg/commands/cache.go:154.2,156.16 3 6
github.com/google/ko/pkg/commands/cache.go:156.16,158.3 1 0
github.com/google/ko/pkg/commands/cache.go:160.2,160.16 1 6
github.com/google/ko/pkg/commands/cache.go:160.16,164.17 3 0
github.com/google/ko/pkg/commands/cache.go:164.17,166.4 1 0
github.com/google/ko/pkg/commands/cache.go:168.3,169.17 2 0
github.com/google/ko/pkg/commands/cache.go:169.17,171.4 1 0
github.com/google/ko/pkg/commands/cache.go:173.3,173.93 1 0
github.com/google/ko/pkg/commands/cache.go:173.93,175.4 1 0
github.com/google/ko/pkg/commands/cache.go:177.3,177.42 1 0
github.com/google/ko/pkg/commands/cache.go:177.42,185.4 1 0
github.com/google/ko/pkg/commands/cache.go:185.9,185.46 1 0
github.com/google/ko/pkg/commands/cache.go:185.46,187.18 2 0
github.com/google/ko/pkg/commands/cache.go:187.18,189.5 1 0
github.com/google/ko/pkg/commands/cache.go:191.4,192.18 2 0
github.com/google/ko/pkg/commands/cache.go:192.18,194.5 1 0
github.com/google/ko/pkg/commands/cache.go:196.4,196.79 1 0
github.com/google/ko/pkg/commands/cache.go:196.79,198.5 1 0
github.com/google/ko/pkg/commands/cache.go:200.4,208.5 1 0
github.com/google/ko/pkg/commands/cache.go:211.3,211.53 1 0
github.com/google/ko/pkg/commands/cache.go:211.53,213.4 1 0
github.com/google/ko/pkg/commands/cache.go:216.2,217.20 2 6
github.com/google/ko/pkg/commands/cache.go:220.116,222.16 2 0
github.com/google/ko/pkg/commands/cache.go:222.16,224.3 1 0
github.com/google/ko/pkg/commands/cache.go:226.2,227.16 2 0
github.com/google/ko/pkg/commands/cache.go:227.16,229.3 1 0
github.com/google/ko/pkg/commands/cache.go:231.2,237.8 1 0
github.com/google/ko/pkg/commands/cache.go:240.111,242.16 2 0
github.com/google/ko/pkg/commands/cache.go:242.16,244.3 1 0
github.com/google/ko/pkg/commands/cache.go:246.2,247.16 2 0
github.com/google/ko/pkg/commands/cache.go:247.16,249.3 1 0
github.com/google/ko/pkg/commands/cache.go:251.2,252.16 2 0
github.com/google/ko/pkg/commands/cache.go:252.16,254.3 1 0
github.com/google/ko/pkg/commands/cache.go:256.2,257.16 2 0
github.com/google/ko/pkg/commands/cache.go:257.16,259.3 1 0
github.com/google/ko/pkg/commands/cache.go:261.2,269.8 1 0
github.com/google/ko/pkg/commands/cache.go:281.58,283.2 1 0
github.com/google/ko/pkg/commands/cache.go:285.47,287.2 1 0
github.com/google/ko/pkg/commands/cache.go:289.43,291.2 1 0
github.com/google/ko/pkg/commands/cache.go:293.64,295.2 1 0
github.com/google/ko/pkg/commands/cache.go:297.51,299.2 1 0
github.com/google/ko/pkg/commands/cache.go:301.56,303.16 2 0
github.com/google/ko/pkg/commands/cache.go:303.16,305.3 1 0
github.com/google/ko/pkg/commands/cache.go:307.2,308.9 2 0
github.com/google/ko/pkg/commands/cache.go:308.9,310.3 1 0
github.com/google/ko/pkg/commands/cache.go:312.2,312.17 1 0
github.com/google/ko/pkg/commands/cache.go:315.66,317.16 2 0
github.com/google/ko/pkg/commands/cache.go:317.16,319.3 1 0
github.com/google/ko/pkg/commands/cache.go:321.2,322.9 2 0
github.com/google/ko/pkg/commands/cache.go:322.9,324.3 1 0
github.com/google/ko/pkg/commands/cache.go:326.2,326.16 1 0
github.com/google/ko/pkg/commands/cache.go:342.50,344.16 2 0
github.com/google/ko/pkg/commands/cache.go:344.16,346.3 1 0
github.com/google/ko/pkg/commands/cache.go:348.2,349.32 2 0
github.com/google/ko/pkg/commands/cache.go:349.32,351.17 2 0
github.com/google/ko/pkg/commands/cache.go:351.17,353.4 1 0
github.com/google/ko/pkg/commands/cache.go:354.3,360.5 1 0
github.com/google/ko/pkg/commands/cache.go:363.2,363.20 1 0
github.com/google/ko/pkg/commands/cache.go:366.58,368.2 1 0
github.com/google/ko/pkg/commands/cache.go:370.47,372.2 1 0
github.com/google/ko/pkg/commands/cache.go:374.43,376.2 1 0
github.com/google/ko/pkg/commands/cache.go:378.51,380.2 1 0
github.com/google/ko/pkg/commands/cache.go:382.58,384.2 1 0
github.com/google/ko/pkg/commands/cache.go:386.53,388.2 1 0
github.com/google/ko/pkg/commands/cache.go:390.54,392.2 1 0
github.com/google/ko/pkg/commands/cache.go:394.51,396.2 1 0
github.com/google/ko/pkg/commands/cache.go:398.64,399.15 1 0
github.com/google/ko/pkg/commands/cache.go:399.15,401.3 1 0
github.com/google/ko/pkg/commands/cache.go:403.2,404.16 2 0
github.com/google/ko/pkg/commands/cache.go:404.16,406.3 1 0
github.com/google/ko/pkg/commands/cache.go:408.2,408.31 1 0
github.com/google/ko/pkg/commands/cache.go:408.31,410.17 2 0
github.com/google/ko/pkg/commands/cache.go:410.17,412.4 1 0
github.com/google/ko/pkg/commands/cache.go:414.3,414.18 1 0
github.com/google/ko/pkg/commands/cache.go:414.18,416.4 1 0
github.com/google/ko/pkg/commands/cache.go:419.2,419.86 1 0
github.com/google/ko/pkg/commands/cache.go:422.64,424.16 2 0
github.com/google/ko/pkg/commands/cache.go:424.16,426.3 1 0
github.com/google/ko/pkg/commands/cache.go:428.2,428.27 1 0
github.com/google/ko/pkg/commands/cache.go:440.47,442.2 1 0
github.com/google/ko/pkg/commands/cache.go:444.47,446.2 1 0
github.com/google/ko/pkg/commands/cache.go:448.43,450.2 1 0
github.com/google/ko/pkg/commands/cache.go:452.58,454.2 1 0
github.com/google/ko/pkg/commands/cache.go:456.57,457.58 1 0
github.com/google/ko/pkg/commands/cache.go:457.58,459.3 1 0
github.com/google/ko/pkg/commands/cache.go:461.2,462.16 2 0
github.com/google/ko/pkg/commands/cache.go:462.16,464.3 1 0
github.com/google/ko/pkg/commands/cache.go:467.2,467.24 1 0
github.com/google/ko/pkg/commands/cache.go:470.59,472.16 2 0
github.com/google/ko/pkg/commands/cache.go:472.16,474.3 1 0
github.com/google/ko/pkg/commands/cache.go:475.2,475.26 1 0
github.com/google/ko/pkg/commands/commands.go:27.47,35.2 7 1
github.com/google/ko/pkg/commands/commands.go:38.32,39.52 1 0
github.com/google/ko/pkg/commands/commands.go:39.52,41.3 1 0
github.com/google/ko/pkg/commands/commands.go:42.2,42.13 1 0
github.com/google/ko/pkg/commands/config.go:55.59,57.24 2 6
github.com/google/ko/pkg/commands/config.go:57.24,59.3 1 0
github.com/google/ko/pkg/commands/config.go:61.2,66.16 3 6
github.com/google/ko/pkg/commands/config.go:66.16,68.13 1 0
github.com/google/ko/pkg/commands/config.go:70.2,73.16 3 6
github.com/google/ko/pkg/commands/config.go:73.16,75.3 1 0
github.com/google/ko/pkg/commands/config.go:77.2,77.79 1 6
github.com/google/ko/pkg/commands/config.go:77.79,81.17 3 6
github.com/google/ko/pkg/commands/config.go:81.17,83.4 1 0
github.com/google/ko/pkg/commands/config.go:84.3,84.31 1 6
github.com/google/ko/pkg/commands/config.go:84.31,86.4 1 0
github.com/google/ko/pkg/commands/config.go:87.3,87.22 1 6
github.com/google/ko/pkg/commands/config.go:90.2,90.83 1 6
github.com/google/ko/pkg/commands/config.go:90.83,99.29 3 6
github.com/google/ko/pkg/commands/config.go:99.29,101.4 1 6
github.com/google/ko/pkg/commands/config.go:102.3,103.26 2 6
github.com/google/ko/pkg/commands/config.go:103.26,105.4 1 0
github.com/google/ko/pkg/commands/config.go:106.3,107.17 2 6
github.com/google/ko/pkg/commands/config.go:107.17,109.4 1 0
github.com/google/ko/pkg/commands/config.go:111.3,114.57 2 6
github.com/google/ko/pkg/commands/config.go:114.57,116.18 2 0
github.com/google/ko/pkg/commands/config.go:116.18,118.5 1 0
github.com/google/ko/pkg/commands/config.go:119.9,121.18 2 6
github.com/google/ko/pkg/commands/config.go:121.18,127.19 3 0
github.com/google/ko/pkg/commands/config.go:127.19,129.6 1 0
github.com/google/ko/pkg/commands/config.go:133.3,133.37 1 6
github.com/google/ko/pkg/commands/config.go:133.37,135.4 1 1
github.com/google/ko/pkg/commands/config.go:135.9,137.18 2 5
github.com/google/ko/pkg/commands/config.go:137.18,139.5 1 0
github.com/google/ko/pkg/commands/config.go:140.4,140.54 1 5
github.com/google/ko/pkg/commands/config.go:143.3,143.26 1 6
github.com/google/ko/pkg/commands/config.go:147.51,149.17 2 10
github.com/google/ko/pkg/commands/config.go:149.17,151.3 1 10
github.com/google/ko/pkg/commands/config.go:153.2,154.16 2 0
github.com/google/ko/pkg/commands/config.go:154.16,156.3 1 0
github.com/google/ko/pkg/commands/config.go:157.2,157.51 1 0
github.com/google/ko/pkg/commands/config.go:160.42,162.2 1 5
github.com/google/ko/pkg/commands/config.go:164.48,166.2 1 5
github.com/google/ko/pkg/commands/create.go:29.41,65.55 5 1
github.com/google/ko/pkg/commands/create.go:65.55,66.51 1 0
github.com/google/ko/pkg/commands/create.go:66.51,68.5 1 0
github.com/google/ko/pkg/commands/create.go:70.4,70.29 1 0
github.com/google/ko/pkg/commands/create.go:70.29,72.5 1 0
github.com/google/ko/pkg/commands/create.go:73.4,77.18 4 0
github.com/google/ko/pkg/commands/create.go:77.18,79.5 1 0
github.com/google/ko/pkg/commands/create.go:80.4,81.18 2 0
github.com/google/ko/pkg/commands/create.go:81.18,83.5 1 0
github.com/google/ko/pkg/commands/create.go:84.4,99.18 7 0
github.com/google/ko/pkg/commands/create.go:99.18,101.5 1 0
github.com/google/ko/pkg/commands/create.go:104.4,105.22 2 0
github.com/google/ko/pkg/commands/create.go:105.22,113.20 1 0
github.com/google/ko/pkg/commands/create.go:113.20,115.6 1 0
github.com/google/ko/pkg/commands/create.go:117.5,117.72 1 0
github.com/google/ko/pkg/commands/create.go:120.4,120.22 1 0
github.com/google/ko/pkg/commands/create.go:120.22,122.44 1 0
github.com/google/ko/pkg/commands/create.go:122.44,124.6 1 0
github.com/google/ko/pkg/commands/create.go:125.5,125.15 1 0
github.com/google/ko/pkg/commands/create.go:128.4,128.19 1 0
github.com/google/ko/pkg/commands/create.go:131.2,136.29 5 1
github.com/google/ko/pkg/commands/delete.go:30.38,31.52 1 1
github.com/google/ko/pkg/commands/delete.go:31.52,32.28 1 0
github.com/google/ko/pkg/commands/delete.go:32.28,34.4 1 0
github.com/google/ko/pkg/commands/delete.go:35.3,50.20 7 0
github.com/google/ko/pkg/commands/delete.go:55.41,66.2 1 1
github.com/google/ko/pkg/commands/publisher.go:27.140,29.2 1 3
github.com/google/ko/pkg/commands/publisher.go:31.140,33.41 2 3
github.com/google/ko/pkg/commands/publisher.go:33.41,35.17 2 3
github.com/google/ko/pkg/commands/publisher.go:35.17,37.4 1 0
github.com/google/ko/pkg/commands/publisher.go:38.3,38.60 1 3
github.com/google/ko/pkg/commands/publisher.go:38.60,40.4 1 0
github.com/google/ko/pkg/commands/publisher.go:42.3,43.17 2 3
github.com/google/ko/pkg/commands/publisher.go:43.17,45.4 1 0
github.com/google/ko/pkg/commands/publisher.go:46.3,47.17 2 3
github.com/google/ko/pkg/commands/publisher.go:47.17,49.4 1 0
github.com/google/ko/pkg/commands/publisher.go:50.3,50.25 1 3
github.com/google/ko/pkg/commands/publisher.go:52.2,52.18 1 3
github.com/google/ko/pkg/commands/resolve.go:26.42,57.52 5 1
github.com/google/ko/pkg/commands/resolve.go:57.52,58.51 1 0
github.com/google/ko/pkg/commands/resolve.go:58.51,60.5 1 0
github.com/google/ko/pkg/commands/resolve.go:62.4,66.18 4 0
github.com/google/ko/pkg/commands/resolve.go:66.18,68.5 1 0
github.com/google/ko/pkg/commands/resolve.go:69.4,70.18 2 0
github.com/google/ko/pkg/commands/resolve.go:70.18,72.5 1 0
github.com/google/ko/pkg/commands/resolve.go:73.4,74.75 2 0
github.com/google/ko/pkg/commands/resolve.go:77.2,81.30 5 1
github.com/google/ko/pkg/commands/resolver.go:40.18,41.29 1 11
github.com/google/ko/pkg/commands/resolver.go:41.29,43.3 1 11
github.com/google/ko/pkg/commands/resolver.go:44.2,44.13 1 0
github.com/google/ko/pkg/commands/resolver.go:47.71,49.16 2 5
github.com/google/ko/pkg/commands/resolver.go:49.16,51.3 1 0
github.com/google/ko/pkg/commands/resolver.go:53.2,54.16 2 5
github.com/google/ko/pkg/commands/resolver.go:54.16,56.3 1 0
github.com/google/ko/pkg/commands/resolver.go:58.2,58.60 1 5
github.com/google/ko/pkg/commands/resolver.go:58.60,60.3 1 0
github.com/google/ko/pkg/commands/resolver.go:62.2,62.28 1 5
github.com/google/ko/pkg/commands/resolver.go:62.28,68.33 3 1
github.com/google/ko/pkg/commands/resolver.go:68.33,70.4 1 0
github.com/google/ko/pkg/commands/resolver.go:73.3,73.53 1 1
github.com/google/ko/pkg/commands/resolver.go:73.53,75.4 1 0
github.com/google/ko/pkg/commands/resolver.go:77.3,77.39 1 1
github.com/google/ko/pkg/commands/resolver.go:78.8,80.59 1 4
github.com/google/ko/pkg/commands/resolver.go:80.59,81.38 1 12
github.com/google/ko/pkg/commands/resolver.go:81.38,83.5 1 0
github.com/google/ko/pkg/commands/resolver.go:87.2,95.25 2 5
github.com/google/ko/pkg/commands/resolver.go:95.25,97.3 1 0
github.com/google/ko/pkg/commands/resolver.go:98.2,98.31 1 5
github.com/google/ko/pkg/commands/resolver.go:98.31,100.3 1 0
github.com/google/ko/pkg/commands/resolver.go:101.2,101.25 1 5
github.com/google/ko/pkg/commands/resolver.go:101.25,103.3 1 0
github.com/google/ko/pkg/commands/resolver.go:104.2,104.29 1 5
github.com/google/ko/pkg/commands/resolver.go:104.29,106.3 1 0
github.com/google/ko/pkg/commands/resolver.go:107.2,107.14 1 5
github.com/google/ko/pkg/commands/resolver.go:107.14,110.3 2 0
github.com/google/ko/pkg/commands/resolver.go:111.2,111.17 1 5
github.com/google/ko/pkg/commands/resolver.go:112.14,113.48 1 0
github.com/google/ko/pkg/commands/resolver.go:114.10,115.49 1 5
github.com/google/ko/pkg/commands/resolver.go:117.2,118.31 2 5
github.com/google/ko/pkg/commands/resolver.go:118.31,120.22 2 0
github.com/google/ko/pkg/commands/resolver.go:120.22,122.4 1 0
github.com/google/ko/pkg/commands/resolver.go:123.3,123.59 1 0
github.com/google/ko/pkg/commands/resolver.go:125.2,125.36 1 5
github.com/google/ko/pkg/commands/resolver.go:125.36,127.10 2 0
github.com/google/ko/pkg/commands/resolver.go:127.10,129.4 1 0
github.com/google/ko/pkg/commands/resolver.go:130.3,130.50 1 0
github.com/google/ko/pkg/commands/resolver.go:133.2,133.19 1 5
github.com/google/ko/pkg/commands/resolver.go:133.19,135.3 1 0
github.com/google/ko/pkg/commands/resolver.go:137.2,137.28 1 5
github.com/google/ko/pkg/commands/resolver.go:137.28,139.3 1 5
github.com/google/ko/pkg/commands/resolver.go:141.2,141.22 1 5
github.com/google/ko/pkg/commands/resolver.go:141.22,143.3 1 0
github.com/google/ko/pkg/commands/resolver.go:145.2,145.18 1 5
github.com/google/ko/pkg/commands/resolver.go:149.89,151.2 1 5
github.com/google/ko/pkg/commands/resolver.go:153.89,154.40 1 5
github.com/google/ko/pkg/commands/resolver.go:154.40,156.3 1 0
github.com/google/ko/pkg/commands/resolver.go:157.2,158.16 2 5
github.com/google/ko/pkg/commands/resolver.go:158.16,160.3 1 0
github.com/google/ko/pkg/commands/resolver.go:161.2,162.16 2 5
github.com/google/ko/pkg/commands/resolver.go:162.16,164.3 1 0
github.com/google/ko/pkg/commands/resolver.go:179.2,179.39 1 5
github.com/google/ko/pkg/commands/resolver.go:183.74,185.2 1 8
github.com/google/ko/pkg/commands/resolver.go:187.75,192.59 2 8
github.com/google/ko/pkg/commands/resolver.go:192.59,196.27 3 8
github.com/google/ko/pkg/commands/resolver.go:196.27,198.4 1 7
github.com/google/ko/pkg/commands/resolver.go:200.3,200.33 1 8
github.com/google/ko/pkg/commands/resolver.go:200.33,202.4 1 2
github.com/google/ko/pkg/commands/resolver.go:204.3,205.15 2 8
github.com/google/ko/pkg/commands/resolver.go:205.15,214.4 2 3
github.com/google/ko/pkg/commands/resolver.go:215.3,215.54 1 5
github.com/google/ko/pkg/commands/resolver.go:215.54,217.4 1 0
github.com/google/ko/pkg/commands/resolver.go:219.3,219.32 1 5
github.com/google/ko/pkg/commands/resolver.go:219.32,221.4 1 0
github.com/google/ko/pkg/commands/resolver.go:222.3,222.55 1 5
github.com/google/ko/pkg/commands/resolver.go:222.55,223.58 1 2
github.com/google/ko/pkg/commands/resolver.go:223.58,225.5 1 0
github.com/google/ko/pkg/commands/resolver.go:228.3,229.29 2 5
github.com/google/ko/pkg/commands/resolver.go:229.29,232.4 2 0
github.com/google/ko/pkg/commands/resolver.go:233.3,233.27 1 5
github.com/google/ko/pkg/commands/resolver.go:233.27,236.4 2 0
github.com/google/ko/pkg/commands/resolver.go:237.3,238.25 2 5
github.com/google/ko/pkg/commands/resolver.go:238.25,240.4 1 0
github.com/google/ko/pkg/commands/resolver.go:241.3,241.14 1 5
github.com/google/ko/pkg/commands/resolver.go:241.14,251.18 2 0
github.com/google/ko/pkg/commands/resolver.go:251.18,253.5 1 0
github.com/google/ko/pkg/commands/resolver.go:254.4,254.39 1 0
github.com/google/ko/pkg/commands/resolver.go:259.3,259.27 1 5
github.com/google/ko/pkg/commands/resolver.go:259.27,262.25 2 5
github.com/google/ko/pkg/commands/resolver.go:262.25,264.5 1 0
github.com/google/ko/pkg/commands/resolver.go:265.4,270.6 1 5
github.com/google/ko/pkg/commands/resolver.go:273.3,273.52 1 5
github.com/google/ko/pkg/commands/resolver.go:275.2,275.16 1 8
github.com/google/ko/pkg/commands/resolver.go:275.16,277.3 1 0
github.com/google/ko/pkg/commands/resolver.go:279.2,279.28 1 8
github.com/google/ko/pkg/commands/resolver.go:279.28,281.17 2 0
github.com/google/ko/pkg/commands/resolver.go:281.17,283.4 1 0
github.com/google/ko/pkg/commands/resolver.go:287.2,287.43 1 8
github.com/google/ko/pkg/commands/resolver.go:299.101,302.15 3 5
github.com/google/ko/pkg/commands/resolver.go:302.15,303.18 1 0
github.com/google/ko/pkg/commands/resolver.go:303.18,305.4 1 0
github.com/google/ko/pkg/commands/resolver.go:306.3,306.54 1 0
github.com/google/ko/pkg/commands/resolver.go:308.2,309.16 2 5
github.com/google/ko/pkg/commands/resolver.go:309.16,311.3 1 0
github.com/google/ko/pkg/commands/resolver.go:312.2,312.17 1 5
github.com/google/ko/pkg/commands/resolver.go:312.17,314.3 1 5
github.com/google/ko/pkg/commands/resolver.go:315.2,315.62 1 0
github.com/google/ko/pkg/commands/resolver.go:318.37,318.51 1 2
github.com/google/ko/pkg/commands/resolver.go:329.28,346.6 6 0
github.com/google/ko/pkg/commands/resolver.go:346.6,353.23 2 0
github.com/google/ko/pkg/commands/resolver.go:353.23,355.4 1 0
github.com/google/ko/pkg/commands/resolver.go:355.9,355.23 1 0
github.com/google/ko/pkg/commands/resolver.go:355.23,358.9 1 0
github.com/google/ko/pkg/commands/resolver.go:361.3,361.10 1 0
github.com/google/ko/pkg/commands/resolver.go:362.25,363.11 1 0
github.com/google/ko/pkg/commands/resolver.go:363.11,369.10 2 0
github.com/google/ko/pkg/commands/resolver.go:374.4,380.25 4 0
github.com/google/ko/pkg/commands/resolver.go:380.25,387.19 4 0
github.com/google/ko/pkg/commands/resolver.go:387.19,391.6 1 0
github.com/google/ko/pkg/commands/resolver.go:393.5,395.15 3 0
github.com/google/ko/pkg/commands/resolver.go:398.22,403.10 2 0
github.com/google/ko/pkg/commands/resolver.go:403.10,409.5 1 0
github.com/google/ko/pkg/commands/resolver.go:415.2,415.20 1 0
github.com/google/ko/pkg/commands/resolver.go:423.53,425.23 2 2
github.com/google/ko/pkg/commands/resolver.go:425.23,429.17 3 1
github.com/google/ko/pkg/commands/resolver.go:429.17,431.4 1 0
github.com/google/ko/pkg/commands/resolver.go:434.2,434.14 1 2
github.com/google/ko/pkg/commands/resolver.go:434.14,436.3 1 0
github.com/google/ko/pkg/commands/resolver.go:436.8,438.3 1 2
github.com/google/ko/pkg/commands/resolver.go:439.2,439.16 1 2
github.com/google/ko/pkg/commands/resolver.go:439.16,441.3 1 0
github.com/google/ko/pkg/commands/resolver.go:443.2,449.6 3 2
github.com/google/ko/pkg/commands/resolver.go:449.6,451.46 2 7
github.com/google/ko/pkg/commands/resolver.go:451.46,452.30 1 2
github.com/google/ko/pkg/commands/resolver.go:452.30,453.10 1 2
github.com/google/ko/pkg/commands/resolver.go:455.4,455.19 1 0
github.com/google/ko/pkg/commands/resolver.go:458.3,458.22 1 5
github.com/google/ko/pkg/commands/resolver.go:458.22,459.73 1 3
github.com/google/ko/pkg/commands/resolver.go:459.73,461.5 1 0
github.com/google/ko/pkg/commands/resolver.go:461.10,461.21 1 3
github.com/google/ko/pkg/commands/resolver.go:461.21,462.13 1 2
github.com/google/ko/pkg/commands/resolver.go:466.3,466.36 1 3
github.com/google/ko/pkg/commands/resolver.go:469.2,469.77 1 2
github.com/google/ko/pkg/commands/resolver.go:469.77,471.3 1 0
github.com/google/ko/pkg/commands/resolver.go:476.2,476.24 1 2
github.com/google/ko/pkg/commands/resolver.go:476.24,478.3 1 0
github.com/google/ko/pkg/commands/resolver.go:480.2,484.31 4 2
github.com/google/ko/pkg/commands/resolver.go:484.31,486.17 2 3
github.com/google/ko/pkg/commands/resolver.go:486.17,488.4 1 0
github.com/google/ko/pkg/commands/resolver.go:490.2,490.34 1 2
github.com/google/ko/pkg/commands/resolver.go:490.34,492.3 1 0
github.com/google/ko/pkg/commands/resolver.go:494.2,494.25 1 2
github.com/google/ko/pkg/commands/resolver.go:499.35,504.23 2 8
github.com/google/ko/pkg/commands/resolver.go:504.23,505.28 1 0
github.com/google/ko/pkg/commands/resolver.go:505.28,508.4 2 0
github.com/google/ko/pkg/commands/resolver.go:510.2,510.13 1 8
github.com/google/ko/pkg/commands/root.go:27.27,34.56 2 1
github.com/google/ko/pkg/commands/root.go:34.56,35.15 1 0
github.com/google/ko/pkg/commands/root.go:35.15,38.5 2 0
github.com/google/ko/pkg/commands/root.go:39.4,39.38 1 0
github.com/google/ko/pkg/commands/root.go:41.45,43.4 1 0
github.com/google/ko/pkg/commands/root.go:45.2,58.13 7 1
github.com/google/ko/pkg/commands/run.go:31.38,51.55 3 1
github.com/google/ko/pkg/commands/run.go:51.55,52.51 1 0
github.com/google/ko/pkg/commands/run.go:52.51,54.5 1 0
github.com/google/ko/pkg/commands/run.go:56.4,61.20 4 0
github.com/google/ko/pkg/commands/run.go:61.20,63.5 1 0
github.com/google/ko/pkg/commands/run.go:64.4,64.29 1 0
github.com/google/ko/pkg/commands/run.go:64.29,66.5 1 0
github.com/google/ko/pkg/commands/run.go:68.4,70.46 3 0
github.com/google/ko/pkg/commands/run.go:70.46,72.5 1 0
github.com/google/ko/pkg/commands/run.go:74.4,76.18 3 0
github.com/google/ko/pkg/commands/run.go:76.18,78.5 1 0
github.com/google/ko/pkg/commands/run.go:79.4,80.18 2 0
github.com/google/ko/pkg/commands/run.go:80.18,82.5 1 0
github.com/google/ko/pkg/commands/run.go:83.4,85.24 2 0
github.com/google/ko/pkg/commands/run.go:85.24,87.5 1 0
github.com/google/ko/pkg/commands/run.go:88.4,89.34 2 0
github.com/google/ko/pkg/commands/run.go:89.34,91.5 1 0
github.com/google/ko/pkg/commands/run.go:92.4,93.18 2 0
github.com/google/ko/pkg/commands/run.go:93.18,95.5 1 0
github.com/google/ko/pkg/commands/run.go:99.4,99.29 1 0
github.com/google/ko/pkg/commands/run.go:99.29,137.44 14 0
github.com/google/ko/pkg/commands/run.go:137.44,139.6 1 0
github.com/google/ko/pkg/commands/run.go:141.4,141.14 1 0
github.com/google/ko/pkg/commands/run.go:149.2,152.26 3 1
github.com/google/ko/pkg/commands/run.go:155.27,156.28 1 0
github.com/google/ko/pkg/commands/run.go:156.28,157.16 1 0
github.com/google/ko/pkg/commands/run.go:157.16,159.4 1 0
github.com/google/ko/pkg/commands/run.go:161.2,161.11 1 0
github.com/google/ko/pkg/commands/version.go:28.42,32.43 1 1
github.com/google/ko/pkg/commands/version.go:32.43,34.15 2 0
github.com/google/ko/pkg/commands/version.go:34.15,36.5 1 0
github.com/google/ko/pkg/commands/version.go:36.10,38.5 1 0
github.com/google/ko/pkg/commands/version.go:43.23,44.19 1 16
github.com/google/ko/pkg/commands/version.go:44.19,46.10 2 1
github.com/google/ko/pkg/commands/version.go:46.10,48.4 1 0
github.com/google/ko/pkg/commands/version.go:49.3,49.27 1 1
github.com/google/ko/pkg/commands/version.go:51.2,51.16 1 16
github.com/google/ko/cmd/help/main.go:31.45,33.3 1 0
github.com/google/ko/cmd/help/main.go:36.13,38.2 1 0
github.com/google/ko/cmd/help/main.go:40.13,41.39 1 0
github.com/google/ko/cmd/help/main.go:41.39,44.3 2 0
github.com/google/ko/main.go:26.13,29.58 3 0
github.com/google/ko/main.go:29.58,31.3 1 0
github.com/google/ko/internal/sbom/sbom.go:26.50,30.2 1 0
github.com/google/ko/internal/sbom/sbom.go:32.38,37.16 3 0
github.com/google/ko/internal/sbom/sbom.go:37.16,44.3 1 0
github.com/google/ko/internal/sbom/sbom.go:45.2,45.71 1 0
github.com/google/ko/internal/sbom/sbom.go:53.50,56.21 3 0
github.com/google/ko/internal/sbom/sbom.go:56.21,63.3 1 0
github.com/google/ko/internal/sbom/sbom.go:64.2,64.38 1 0
github.com/google/ko/internal/sbom/sbom.go:64.38,66.3 1 0
github.com/google/ko/internal/sbom/sbom.go:67.2,67.21 1 0
github.com/google/ko/internal/sbom/sbom.go:67.21,71.3 2 0
github.com/google/ko/internal/sbom/sbom.go:72.2,72.38 1 0
github.com/google/ko/internal/sbom/sbom.go:72.38,74.3 1 0
github.com/google/ko/internal/sbom/sbom.go:75.2,75.25 1 0
github.com/google/ko/internal/sbom/spdx.go:43.71,46.31 3 0
github.com/google/ko/internal/sbom/spdx.go:46.31,48.26 2 0
github.com/google/ko/internal/sbom/spdx.go:48.26,50.4 1 0
github.com/google/ko/internal/sbom/spdx.go:51.3,51.34 1 0
github.com/google/ko/internal/sbom/spdx.go:53.2,53.13 1 0
github.com/google/ko/internal/sbom/spdx.go:56.34,57.34 1 0
github.com/google/ko/internal/sbom/spdx.go:57.34,59.3 1 0
github.com/google/ko/internal/sbom/spdx.go:60.2,61.16 2 0
github.com/google/ko/internal/sbom/spdx.go:61.16,63.3 1 0
github.com/google/ko/internal/sbom/spdx.go:64.2,64.30 1 0
github.com/google/ko/internal/sbom/spdx.go:69.91,72.16 3 0
github.com/google/ko/internal/sbom/spdx.go:72.16,74.3 1 0
github.com/google/ko/internal/sbom/spdx.go:76.2,77.16 2 0
github.com/google/ko/internal/sbom/spdx.go:77.16,79.3 1 0
github.com/google/ko/internal/sbom/spdx.go:81.2,82.16 2 0
github.com/google/ko/internal/sbom/spdx.go:82.16,84.3 1 0
github.com/google/ko/internal/sbom/spdx.go:85.2,86.16 2 0
github.com/google/ko/internal/sbom/spdx.go:86.16,88.3 1 0
github.com/google/ko/internal/sbom/spdx.go:89.2,90.16 2 0
github.com/google/ko/internal/sbom/spdx.go:90.16,92.3 1 0
github.com/google/ko/internal/sbom/spdx.go:94.2,128.69 6 0
github.com/google/ko/internal/sbom/spdx.go:128.69,130.3 1 0
github.com/google/ko/internal/sbom/spdx.go:132.2,157.30 4 0
github.com/google/ko/internal/sbom/spdx.go:157.30,183.20 4 0
github.com/google/ko/internal/sbom/spdx.go:183.20,188.4 1 0
github.com/google/ko/internal/sbom/spdx.go:190.3,190.43 1 0
github.com/google/ko/internal/sbom/spdx.go:193.2,196.40 4 0
github.com/google/ko/internal/sbom/spdx.go:196.40,198.3 1 0
github.com/google/ko/internal/sbom/spdx.go:199.2,199.25 1 0
github.com/google/ko/internal/sbom/spdx.go:202.64,204.16 2 0
github.com/google/ko/internal/sbom/spdx.go:204.16,206.3 1 0
github.com/google/ko/internal/sbom/spdx.go:207.2,207.36 1 0
github.com/google/ko/internal/sbom/spdx.go:207.36,208.25 1 0
github.com/google/ko/internal/sbom/spdx.go:209.62,211.18 2 0
github.com/google/ko/internal/sbom/spdx.go:211.18,213.5 1 0
github.com/google/ko/internal/sbom/spdx.go:214.4,215.18 2 0
github.com/google/ko/internal/sbom/spdx.go:215.18,217.5 1 0
github.com/google/ko/internal/sbom/spdx.go:218.4,218.33 1 0
github.com/google/ko/internal/sbom/spdx.go:220.11,223.68 1 0
github.com/google/ko/internal/sbom/spdx.go:226.2,226.67 1 0
github.com/google/ko/internal/sbom/spdx.go:229.84,231.16 2 0
github.com/google/ko/internal/sbom/spdx.go:231.16,233.3 1 0
github.com/google/ko/internal/sbom/spdx.go:235.2,236.16 2 0
github.com/google/ko/internal/sbom/spdx.go:236.16,238.3 1 0
github.com/google/ko/internal/sbom/spdx.go:239.2,240.16 2 0
github.com/google/ko/internal/sbom/spdx.go:240.16,242.3 1 0
github.com/google/ko/internal/sbom/spdx.go:244.2,268.72 3 0
github.com/google/ko/internal/sbom/spdx.go:268.72,270.3 1 0
github.com/google/ko/internal/sbom/spdx.go:271.2,271.36 1 0
github.com/google/ko/internal/sbom/spdx.go:271.36,272.25 1 0
github.com/google/ko/internal/sbom/spdx.go:273.62,275.18 2 0
github.com/google/ko/internal/sbom/spdx.go:275.18,277.5 1 0
github.com/google/ko/internal/sbom/spdx.go:279.4,280.18 2 0
github.com/google/ko/internal/sbom/spdx.go:280.18,282.5 1 0
github.com/google/ko/internal/sbom/spdx.go:284.4,302.35 4 0
github.com/google/ko/internal/sbom/spdx.go:302.35,307.5 1 0
github.com/google/ko/internal/sbom/spdx.go:308.4,308.37 1 0
github.com/google/ko/internal/sbom/spdx.go:308.37,313.5 1 0
github.com/google/ko/internal/sbom/spdx.go:314.4,314.50 1 0
github.com/google/ko/internal/sbom/spdx.go:314.50,319.5 1 0
github.com/google/ko/internal/sbom/spdx.go:321.4,341.6 1 0
github.com/google/ko/internal/sbom/spdx.go:343.11,346.68 1 0
github.com/google/ko/internal/sbom/spdx.go:350.2,353.40 4 0
github.com/google/ko/internal/sbom/spdx.go:353.40,355.3 1 0
github.com/google/ko/internal/sbom/spdx.go:356.2,356.25 1 0
github.com/google/ko/internal/sbom/spdx.go:359.39,361.2 1 0
github.com/google/ko/internal/sbom/spdx.go:363.86,377.2 2 0
github.com/google/ko/internal/sbom/spdx.go:379.82,382.9 2 0
github.com/google/ko/internal/sbom/spdx.go:382.9,384.3 1 0
github.com/google/ko/internal/sbom/spdx.go:385.2,386.9 2 0
github.com/google/ko/internal/sbom/spdx.go:386.9,388.3 1 0
github.com/google/ko/internal/sbom/spdx.go:389.2,390.16 2 0
github.com/google/ko/internal/sbom/spdx.go:390.16,392.3 1 0
github.com/google/ko/internal/sbom/spdx.go:393.2,394.16 2 0
github.com/google/ko/internal/sbom/spdx.go:394.16,396.3 1 0
github.com/google/ko/internal/sbom/spdx.go:397.2,412.33 5 0
github.com/google/ko/internal/sbom/spdx.go:412.33,417.3 1 0
github.com/google/ko/internal/sbom/spdx.go:419.2,439.12 2 0
